Using pre-set license
Built from '2020.3/staging' branch; Version is '2020.3.33f1 (915a7af8b0d5) revision 9525882'; Using compiler version '192528614'; Build Type 'Release'
OS: 'Windows 11  (10.0.22000) 64bit Core' Language: 'it' Physical Memory: 16088 MB
BatchMode: 1, IsHumanControllingUs: 0, StartBugReporterOnCrash: 0, Is64bit: 1, IsPro: 0

COMMAND LINE ARGUMENTS:
C:\Program Files\Unity\Hub\Editor\2020.3.33f1\Editor\Unity.exe
-adb2
-batchMode
-noUpm
-name
AssetImportWorker0
-projectPath
C:/Users/pegor/Documents/GitHub/Sam-s-Adventure
-logFile
Logs/AssetImportWorker0.log
-srvPort
60984
Successfully changed project path to: C:/Users/pegor/Documents/GitHub/Sam-s-Adventure
C:/Users/pegor/Documents/GitHub/Sam-s-Adventure
Using Asset Import Pipeline V2.
Refreshing native plugins compatible for Editor in 32.49 ms, found 3 plugins.
Preloading 0 native plugins for Editor in 0.00 ms.
Initialize engine version: 2020.3.33f1 (915a7af8b0d5)
[Subsystems] Discovering subsystems at path C:/Program Files/Unity/Hub/Editor/2020.3.33f1/Editor/Data/Resources/UnitySubsystems
[Subsystems] Discovering subsystems at path C:/Users/pegor/Documents/GitHub/Sam-s-Adventure/Assets
GfxDevice: creating device client; threaded=0
Direct3D:
    Version:  Direct3D 11.0 [level 11.1]
    Renderer: NVIDIA GeForce RTX 3060 Laptop GPU (ID=0x2520)
    Vendor:   
    VRAM:     6023 MB
    Driver:   30.0.15.1165
Initialize mono
Mono path[0] = 'C:/Program Files/Unity/Hub/Editor/2020.3.33f1/Editor/Data/Managed'
Mono path[1] = 'C:/Program Files/Unity/Hub/Editor/2020.3.33f1/Editor/Data/MonoBleedingEdge/lib/mono/unityjit'
Mono config path = 'C:/Program Files/Unity/Hub/Editor/2020.3.33f1/Editor/Data/MonoBleedingEdge/etc'
Using monoOptions --debugger-agent=transport=dt_socket,embedding=1,server=y,suspend=n,address=127.0.0.1:56904
Begin MonoManager ReloadAssembly
Registering precompiled unity dll's ...
Register platform support module: C:/Program Files/Unity/Hub/Editor/2020.3.33f1/Editor/Data/PlaybackEngines/WebGLSupport/UnityEditor.WebGL.Extensions.dll
Register platform support module: C:/Program Files/Unity/Hub/Editor/2020.3.33f1/Editor/Data/PlaybackEngines/MacStandaloneSupport/UnityEditor.OSXStandalone.Extensions.dll
Register platform support module: C:/Program Files/Unity/Hub/Editor/2020.3.33f1/Editor/Data/PlaybackEngines/WindowsStandaloneSupport/UnityEditor.WindowsStandalone.Extensions.dll
Register platform support module: C:/Program Files/Unity/Hub/Editor/2020.3.33f1/Editor/Data/PlaybackEngines/LinuxStandaloneSupport/UnityEditor.LinuxStandalone.Extensions.dll
Register platform support module: C:/Program Files/Unity/Hub/Editor/2020.3.33f1/Editor/Data/PlaybackEngines/LuminSupport/UnityEditor.Lumin.Extensions.dll
Registered in 0.001791 seconds.
Native extension for Lumin target not found
Native extension for LinuxStandalone target not found
Native extension for WindowsStandalone target not found
Native extension for OSXStandalone target not found
Native extension for WebGL target not found
Refreshing native plugins compatible for Editor in 34.35 ms, found 3 plugins.
Preloading 0 native plugins for Editor in 0.00 ms.
Mono: successfully reloaded assembly
- Completed reload, in  0.404 seconds
Domain Reload Profiling:
	ReloadAssembly (404ms)
		BeginReloadAssembly (48ms)
			ExecutionOrderSort (0ms)
			DisableScriptedObjects (0ms)
			BackupInstance (0ms)
			ReleaseScriptingObjects (0ms)
			CreateAndSetChildDomain (1ms)
		EndReloadAssembly (306ms)
			LoadAssemblies (48ms)
			RebuildTransferFunctionScriptingTraits (0ms)
			SetupTypeCache (100ms)
			ReleaseScriptCaches (0ms)
			RebuildScriptCaches (19ms)
			SetupLoadedEditorAssemblies (119ms)
				LogAssemblyErrors (0ms)
				InitializePlatformSupportModulesInManaged (5ms)
				SetLoadedEditorAssemblies (0ms)
				RefreshPlugins (34ms)
				BeforeProcessingInitializeOnLoad (6ms)
				ProcessInitializeOnLoadAttributes (54ms)
				ProcessInitializeOnLoadMethodAttributes (19ms)
				AfterProcessingInitializeOnLoad (0ms)
				EditorAssembliesLoaded (0ms)
			ExecutionOrderSort2 (0ms)
			AwakeInstancesAfterBackupRestoration (0ms)
Platform modules already initialized, skipping
Registering precompiled user dll's ...
Registered in 0.001772 seconds.
Begin MonoManager ReloadAssembly
Symbol file LoadedFromMemory doesn't match image C:\Users\pegor\Documents\GitHub\Sam-s-Adventure\Library\PackageCache\com.unity.collab-proxy@1.15.15\Lib\Editor\PlasticSCM\unityplastic.dll
Native extension for Lumin target not found
Native extension for LinuxStandalone target not found
Native extension for WindowsStandalone target not found
Native extension for OSXStandalone target not found
Native extension for WebGL target not found
Refreshing native plugins compatible for Editor in 34.25 ms, found 3 plugins.
Preloading 0 native plugins for Editor in 0.00 ms.
Mono: successfully reloaded assembly
- Completed reload, in  0.717 seconds
Domain Reload Profiling:
	ReloadAssembly (717ms)
		BeginReloadAssembly (91ms)
			ExecutionOrderSort (0ms)
			DisableScriptedObjects (4ms)
			BackupInstance (0ms)
			ReleaseScriptingObjects (0ms)
			CreateAndSetChildDomain (13ms)
		EndReloadAssembly (590ms)
			LoadAssemblies (64ms)
			RebuildTransferFunctionScriptingTraits (0ms)
			SetupTypeCache (206ms)
			ReleaseScriptCaches (0ms)
			RebuildScriptCaches (30ms)
			SetupLoadedEditorAssemblies (221ms)
				LogAssemblyErrors (0ms)
				InitializePlatformSupportModulesInManaged (4ms)
				SetLoadedEditorAssemblies (0ms)
				RefreshPlugins (34ms)
				BeforeProcessingInitializeOnLoad (41ms)
				ProcessInitializeOnLoadAttributes (127ms)
				ProcessInitializeOnLoadMethodAttributes (11ms)
				AfterProcessingInitializeOnLoad (3ms)
				EditorAssembliesLoaded (0ms)
			ExecutionOrderSort2 (0ms)
			AwakeInstancesAfterBackupRestoration (4ms)
Platform modules already initialized, skipping
========================================================================
Worker process is ready to serve import requests
Launched and connected shader compiler UnityShaderCompiler.exe after 0.03 seconds
Refreshing native plugins compatible for Editor in 0.39 ms, found 3 plugins.
Preloading 0 native plugins for Editor in 0.00 ms.
Unloading 2218 Unused Serialized files (Serialized files now loaded: 0)
System memory in use before: 97.8 MB.
System memory in use after: 97.7 MB.

Unloading 31 unused Assets to reduce memory usage. Loaded Objects now: 2651.
Total: 2.363100 ms (FindLiveObjects: 0.101500 ms CreateObjectMapping: 0.035200 ms MarkObjects: 2.097200 ms  DeleteObjects: 0.128100 ms)

AssetImportParameters requested are different than current active one (requested -> active):
  custom:framework-win-MediaFoundation: 216162199b28c13a410421893ffa2e32 -> 
  custom:video-decoder-ogg-theora: a1e56fd34408186e4bbccfd4996cb3dc -> 
  custom:container-muxer-webm: aa71ff27fc2769a1b78a27578f13a17b -> 
  custom:container-demuxer-webm: 4f35f7cbe854078d1ac9338744f61a02 -> 
  custom:container-demuxer-ogg: 62fdf1f143b41e24485cea50d1cbac27 -> 
  custom:video-encoder-webm-vp8: eb34c28f22e8b96e1ab97ce403110664 -> 
  custom:video-decoder-webm-vp8: 9c59270c3fd7afecdb556c50c9e8de78 -> 
  custom:audio-decoder-ogg-vorbis: bf7c407c2cedff20999df2af8eb42d56 -> 
  custom:audio-encoder-webm-vorbis: bf7c407c2cedff20999df2af8eb42d56 -> 
========================================================================
Received Import Request.
  path: Assets/Scripts/Player.controller
  artifactKey: Guid(34da25da46f291d4189045edbd1cdd66) Importer(815301076,1909f56bfc062723c751e8b465ee728b)
Start importing Assets/Scripts/Player.controller using Guid(34da25da46f291d4189045edbd1cdd66) Importer(815301076,1909f56bfc062723c751e8b465ee728b)  -> (artifact id: 'aac443cacc02b2e3f69beb99f9dacc16') in 0.026872 seconds 
========================================================================
Received Import Request.
  Time since last request: 0.360601 seconds.
  path: Assets/Scripts/Player_idle.anim
  artifactKey: Guid(2ef9e7a32b08a764796e61b69aafa59c) Importer(815301076,1909f56bfc062723c751e8b465ee728b)
Start importing Assets/Scripts/Player_idle.anim using Guid(2ef9e7a32b08a764796e61b69aafa59c) Importer(815301076,1909f56bfc062723c751e8b465ee728b)  -> (artifact id: 'c90f6f12ea2c1c489710d9b977819071') in 0.008446 seconds 
========================================================================
Received Import Request.
  Time since last request: 36.181458 seconds.
  path: Assets/EnemiesSO/PlayerSO.cs
  artifactKey: Guid(fe2cd0d5cd740424ca00220211d001a8) Importer(815301076,1909f56bfc062723c751e8b465ee728b)
Start importing Assets/EnemiesSO/PlayerSO.cs using Guid(fe2cd0d5cd740424ca00220211d001a8) Importer(815301076,1909f56bfc062723c751e8b465ee728b)  -> (artifact id: 'fc2c1436e8201367f6c8fbb2f4082bef') in 0.010209 seconds 
========================================================================
Received Import Request.
  Time since last request: 114.110109 seconds.
  path: Assets/AssetsMaterial/__MACOSX/bulkhead-walls-files
  artifactKey: Guid(ec12c4b564bcd964ca6aa765e0ee7dbf) Importer(815301076,1909f56bfc062723c751e8b465ee728b)
Start importing Assets/AssetsMaterial/__MACOSX/bulkhead-walls-files using Guid(ec12c4b564bcd964ca6aa765e0ee7dbf) Importer(815301076,1909f56bfc062723c751e8b465ee728b)  -> (artifact id: '3efb44d7c8b37429bae448c6fc6bfc5f') in 0.008573 seconds 
========================================================================
Received Prepare
Registering precompiled user dll's ...
Registered in 0.002340 seconds.
Begin MonoManager ReloadAssembly
Symbol file LoadedFromMemory doesn't match image C:\Users\pegor\Documents\GitHub\Sam-s-Adventure\Library\PackageCache\com.unity.collab-proxy@1.15.15\Lib\Editor\PlasticSCM\unityplastic.dll
Native extension for Lumin target not found
Native extension for LinuxStandalone target not found
Native extension for WindowsStandalone target not found
Native extension for OSXStandalone target not found
Native extension for WebGL target not found
Refreshing native plugins compatible for Editor in 0.79 ms, found 3 plugins.
Preloading 0 native plugins for Editor in 0.00 ms.
Mono: successfully reloaded assembly
- Completed reload, in  0.671 seconds
Domain Reload Profiling:
	ReloadAssembly (672ms)
		BeginReloadAssembly (89ms)
			ExecutionOrderSort (0ms)
			DisableScriptedObjects (4ms)
			BackupInstance (0ms)
			ReleaseScriptingObjects (0ms)
			CreateAndSetChildDomain (29ms)
		EndReloadAssembly (544ms)
			LoadAssemblies (69ms)
			RebuildTransferFunctionScriptingTraits (0ms)
			SetupTypeCache (179ms)
			ReleaseScriptCaches (1ms)
			RebuildScriptCaches (27ms)
			SetupLoadedEditorAssemblies (205ms)
				LogAssemblyErrors (0ms)
				InitializePlatformSupportModulesInManaged (8ms)
				SetLoadedEditorAssemblies (1ms)
				RefreshPlugins (1ms)
				BeforeProcessingInitializeOnLoad (54ms)
				ProcessInitializeOnLoadAttributes (130ms)
				ProcessInitializeOnLoadMethodAttributes (8ms)
				AfterProcessingInitializeOnLoad (3ms)
				EditorAssembliesLoaded (0ms)
			ExecutionOrderSort2 (0ms)
			AwakeInstancesAfterBackupRestoration (6ms)
Platform modules already initialized, skipping
Refreshing native plugins compatible for Editor in 0.42 ms, found 3 plugins.
Preloading 0 native plugins for Editor in 0.00 ms.
Unloading 2211 Unused Serialized files (Serialized files now loaded: 0)
System memory in use before: 97.6 MB.
System memory in use after: 97.6 MB.

Unloading 20 unused Assets to reduce memory usage. Loaded Objects now: 2654.
Total: 2.443000 ms (FindLiveObjects: 0.222000 ms CreateObjectMapping: 0.078700 ms MarkObjects: 2.048100 ms  DeleteObjects: 0.093400 ms)

AssetImportParameters requested are different than current active one (requested -> active):
  custom:framework-win-MediaFoundation: 216162199b28c13a410421893ffa2e32 -> 
  custom:video-decoder-ogg-theora: a1e56fd34408186e4bbccfd4996cb3dc -> 
  custom:container-muxer-webm: aa71ff27fc2769a1b78a27578f13a17b -> 
  custom:container-demuxer-webm: 4f35f7cbe854078d1ac9338744f61a02 -> 
  custom:container-demuxer-ogg: 62fdf1f143b41e24485cea50d1cbac27 -> 
  custom:video-encoder-webm-vp8: eb34c28f22e8b96e1ab97ce403110664 -> 
  custom:video-decoder-webm-vp8: 9c59270c3fd7afecdb556c50c9e8de78 -> 
  custom:audio-decoder-ogg-vorbis: bf7c407c2cedff20999df2af8eb42d56 -> 
  custom:audio-encoder-webm-vorbis: bf7c407c2cedff20999df2af8eb42d56 -> 
========================================================================
Received Import Request.
  Time since last request: 202.905185 seconds.
  path: Assets/Prefab
  artifactKey: Guid(d3d19165e61273e4492eb40d2277ba7e) Importer(815301076,1909f56bfc062723c751e8b465ee728b)
Start importing Assets/Prefab using Guid(d3d19165e61273e4492eb40d2277ba7e) Importer(815301076,1909f56bfc062723c751e8b465ee728b)  -> (artifact id: '57db0c6834b57d7df3a14c527b381541') in 0.010996 seconds 
========================================================================
Received Import Request.
  Time since last request: 59.955479 seconds.
  path: Assets/AssetsMaterial/GUI/Sliced/GUI_2x_sliced.png
  artifactKey: Guid(89e0021d2835bde41974e5a25cbccf26) Importer(815301076,1909f56bfc062723c751e8b465ee728b)
Start importing Assets/AssetsMaterial/GUI/Sliced/GUI_2x_sliced.png using Guid(89e0021d2835bde41974e5a25cbccf26) Importer(815301076,1909f56bfc062723c751e8b465ee728b)  -> (artifact id: '5b953fea526cc3919a78e1bbb31133d3') in 0.071850 seconds 
========================================================================
Received Import Request.
  Time since last request: 0.884214 seconds.
  path: Assets/AssetsMaterial/GUI/Sliced/GUI_4x_sliced.png
  artifactKey: Guid(963f1407a0b9acc4b94136cabfc21630) Importer(815301076,1909f56bfc062723c751e8b465ee728b)
Start importing Assets/AssetsMaterial/GUI/Sliced/GUI_4x_sliced.png using Guid(963f1407a0b9acc4b94136cabfc21630) Importer(815301076,1909f56bfc062723c751e8b465ee728b)  -> (artifact id: 'f1b9e7a7a5e4bda5a71258495ab35b27') in 0.020643 seconds 
========================================================================
Received Import Request.
  Time since last request: 2.311386 seconds.
  path: Assets/AssetsMaterial/TeamGunner_By_SecretHideout_060519/CHARACTER_SPRITES/Green/Gunner_Green_Death.png
  artifactKey: Guid(c593acdf9463cbb449180cd4623e077e) Importer(815301076,1909f56bfc062723c751e8b465ee728b)
Start importing Assets/AssetsMaterial/TeamGunner_By_SecretHideout_060519/CHARACTER_SPRITES/Green/Gunner_Green_Death.png using Guid(c593acdf9463cbb449180cd4623e077e) Importer(815301076,1909f56bfc062723c751e8b465ee728b)  -> (artifact id: '3b198a2b3982868c2c0ff7be43248345') in 0.017101 seconds 
========================================================================
Received Import Request.
  Time since last request: 0.000341 seconds.
  path: Assets/AssetsMaterial/TeamGunner_By_SecretHideout_060519/CHARACTER_SPRITES/Green/Gunner_Green_Idle.png
  artifactKey: Guid(77ee06b61eac4d0489b7c7602ec0b5b4) Importer(815301076,1909f56bfc062723c751e8b465ee728b)
Start importing Assets/AssetsMaterial/TeamGunner_By_SecretHideout_060519/CHARACTER_SPRITES/Green/Gunner_Green_Idle.png using Guid(77ee06b61eac4d0489b7c7602ec0b5b4) Importer(815301076,1909f56bfc062723c751e8b465ee728b)  -> (artifact id: '2b27d05fc02e236a462700b06f8879c7') in 0.017991 seconds 
========================================================================
Received Import Request.
  Time since last request: 0.029827 seconds.
  path: Assets/AssetsMaterial/TeamGunner_By_SecretHideout_060519/CHARACTER_SPRITES/Red/Gunner_Red_Run.png
  artifactKey: Guid(525f32c3b199e5348b3cc0f2e83006f7) Importer(815301076,1909f56bfc062723c751e8b465ee728b)
Start importing Assets/AssetsMaterial/TeamGunner_By_SecretHideout_060519/CHARACTER_SPRITES/Red/Gunner_Red_Run.png using Guid(525f32c3b199e5348b3cc0f2e83006f7) Importer(815301076,1909f56bfc062723c751e8b465ee728b)  -> (artifact id: '43e350aeb04103663a2d7c3b5904926d') in 0.016345 seconds 
========================================================================
Received Import Request.
  Time since last request: 0.085112 seconds.
  path: Assets/AssetsMaterial/Cainos/Pixel Art Icon Pack - RPG/Texture/Weapon & Tool/Iron Shield.png
  artifactKey: Guid(256205b9c6ca12c45ab7762da8a65631) Importer(815301076,1909f56bfc062723c751e8b465ee728b)
Start importing Assets/AssetsMaterial/Cainos/Pixel Art Icon Pack - RPG/Texture/Weapon & Tool/Iron Shield.png using Guid(256205b9c6ca12c45ab7762da8a65631) Importer(815301076,1909f56bfc062723c751e8b465ee728b)  -> (artifact id: '5dd8f3f4473653cfc1382fb248ddc3f9') in 0.015152 seconds 
========================================================================
Received Import Request.
  Time since last request: 0.000367 seconds.
  path: Assets/AssetsMaterial/Cainos/Pixel Art Icon Pack - RPG/Texture/Weapon & Tool/Iron Sword.png
  artifactKey: Guid(8f28955d92038974a9b04aafaeea79b0) Importer(815301076,1909f56bfc062723c751e8b465ee728b)
Start importing Assets/AssetsMaterial/Cainos/Pixel Art Icon Pack - RPG/Texture/Weapon & Tool/Iron Sword.png using Guid(8f28955d92038974a9b04aafaeea79b0) Importer(815301076,1909f56bfc062723c751e8b465ee728b)  -> (artifact id: 'bfd9638eff390f96423aae93c71daad9') in 0.012860 seconds 
========================================================================
Received Import Request.
  Time since last request: 0.024837 seconds.
  path: Assets/AssetsMaterial/Sideview Sci-Fi - Patreon Collection/Sprites/cyberpunk-detective/PNG/sprites/punch/Layer-1.png
  artifactKey: Guid(7b8d89d8561a22b42a60bd67099e3242) Importer(815301076,1909f56bfc062723c751e8b465ee728b)
Start importing Assets/AssetsMaterial/Sideview Sci-Fi - Patreon Collection/Sprites/cyberpunk-detective/PNG/sprites/punch/Layer-1.png using Guid(7b8d89d8561a22b42a60bd67099e3242) Importer(815301076,1909f56bfc062723c751e8b465ee728b)  -> (artifact id: 'e52f3281abb24592c469cb009cb9f7d5') in 0.016409 seconds 
========================================================================
Received Import Request.
  Time since last request: 0.000309 seconds.
  path: Assets/AssetsMaterial/Sideview Sci-Fi - Patreon Collection/Sprites/cyberpunk-detective/PNG/sprites/shot/Layer-2.png
  artifactKey: Guid(3794b7086e7fc7c4497616e5dd566a97) Importer(815301076,1909f56bfc062723c751e8b465ee728b)
Start importing Assets/AssetsMaterial/Sideview Sci-Fi - Patreon Collection/Sprites/cyberpunk-detective/PNG/sprites/shot/Layer-2.png using Guid(3794b7086e7fc7c4497616e5dd566a97) Importer(815301076,1909f56bfc062723c751e8b465ee728b)  -> (artifact id: '76e1de2360d1f5c901203f3caace1dec') in 0.010146 seconds 
========================================================================
Received Import Request.
  Time since last request: 0.000446 seconds.
  path: Assets/AssetsMaterial/Sideview Sci-Fi - Patreon Collection/Sprites/cyberpunk-detective/PNG/sprites/shot/Layer-3.png
  artifactKey: Guid(7af42530651e0684f8b609423ffa56d6) Importer(815301076,1909f56bfc062723c751e8b465ee728b)
Start importing Assets/AssetsMaterial/Sideview Sci-Fi - Patreon Collection/Sprites/cyberpunk-detective/PNG/sprites/shot/Layer-3.png using Guid(7af42530651e0684f8b609423ffa56d6) Importer(815301076,1909f56bfc062723c751e8b465ee728b)  -> (artifact id: '649806e464a0469a7be3857489665cba') in 0.014142 seconds 
========================================================================
Received Import Request.
  Time since last request: 0.000309 seconds.
  path: Assets/AssetsMaterial/Sideview Sci-Fi - Patreon Collection/Sprites/cyberpunk-detective/PNG/sprites/walk/Layer-2.png
  artifactKey: Guid(4d1a14918b8172149afb55ba089379e7) Importer(815301076,1909f56bfc062723c751e8b465ee728b)
Start importing Assets/AssetsMaterial/Sideview Sci-Fi - Patreon Collection/Sprites/cyberpunk-detective/PNG/sprites/walk/Layer-2.png using Guid(4d1a14918b8172149afb55ba089379e7) Importer(815301076,1909f56bfc062723c751e8b465ee728b)  -> (artifact id: 'e78476a500ae810dd83532eaf7f4542a') in 0.013868 seconds 
========================================================================
Received Import Request.
  Time since last request: 0.000499 seconds.
  path: Assets/AssetsMaterial/Sideview Sci-Fi - Patreon Collection/Sprites/cyberpunk-detective/PNG/sprites/gun-walk/Layer-4.png
  artifactKey: Guid(3696f56e65ac03746869fecc7d171645) Importer(815301076,1909f56bfc062723c751e8b465ee728b)
Start importing Assets/AssetsMaterial/Sideview Sci-Fi - Patreon Collection/Sprites/cyberpunk-detective/PNG/sprites/gun-walk/Layer-4.png using Guid(3696f56e65ac03746869fecc7d171645) Importer(815301076,1909f56bfc062723c751e8b465ee728b)  -> (artifact id: '6fc7f7163e3bba773dbd26265fed3197') in 0.012078 seconds 
========================================================================
Received Import Request.
  Time since last request: 0.000182 seconds.
  path: Assets/AssetsMaterial/Sideview Sci-Fi - Patreon Collection/Sprites/cyberpunk-detective/PNG/sprites/gun-walk/Layer-6.png
  artifactKey: Guid(8603397730d145249b18ecbd61a1dfb6) Importer(815301076,1909f56bfc062723c751e8b465ee728b)
Start importing Assets/AssetsMaterial/Sideview Sci-Fi - Patreon Collection/Sprites/cyberpunk-detective/PNG/sprites/gun-walk/Layer-6.png using Guid(8603397730d145249b18ecbd61a1dfb6) Importer(815301076,1909f56bfc062723c751e8b465ee728b)  -> (artifact id: '396d5cfa0ce407cb6005ec8044cb7a83') in 0.014676 seconds 
========================================================================
Received Import Request.
  Time since last request: 0.045448 seconds.
  path: Assets/AssetsMaterial/Cainos/Pixel Art Icon Pack - RPG/Texture/Equipment/Leather Boot.png
  artifactKey: Guid(29a1226f7b5e20240942612e151c3c4c) Importer(815301076,1909f56bfc062723c751e8b465ee728b)
Start importing Assets/AssetsMaterial/Cainos/Pixel Art Icon Pack - RPG/Texture/Equipment/Leather Boot.png using Guid(29a1226f7b5e20240942612e151c3c4c) Importer(815301076,1909f56bfc062723c751e8b465ee728b)  -> (artifact id: 'a1cbb7cd07a9a2ed470800ff04e590b8') in 0.013395 seconds 
========================================================================
Received Import Request.
  Time since last request: 0.000533 seconds.
  path: Assets/AssetsMaterial/Sideview Sci-Fi - Patreon Collection/Sprites/mech-unit/sprites/mech-unit-export2.png
  artifactKey: Guid(4872b25af4525e542a23892c71d7b260) Importer(815301076,1909f56bfc062723c751e8b465ee728b)
Start importing Assets/AssetsMaterial/Sideview Sci-Fi - Patreon Collection/Sprites/mech-unit/sprites/mech-unit-export2.png using Guid(4872b25af4525e542a23892c71d7b260) Importer(815301076,1909f56bfc062723c751e8b465ee728b)  -> (artifact id: '38e319fec71a6de3eb9e5016b92017e2') in 0.016470 seconds 
========================================================================
Received Import Request.
  Time since last request: 0.000367 seconds.
  path: Assets/AssetsMaterial/Sideview Sci-Fi - Patreon Collection/Sprites/mech-unit/sprites/mech-unit-export5.png
  artifactKey: Guid(33c9eb3d51581984d80e4c1b80b3ae12) Importer(815301076,1909f56bfc062723c751e8b465ee728b)
Start importing Assets/AssetsMaterial/Sideview Sci-Fi - Patreon Collection/Sprites/mech-unit/sprites/mech-unit-export5.png using Guid(33c9eb3d51581984d80e4c1b80b3ae12) Importer(815301076,1909f56bfc062723c751e8b465ee728b)  -> (artifact id: '20d3b4ab8eb0e5e2e1eb089fdde0eed4') in 0.017664 seconds 
========================================================================
Received Import Request.
  Time since last request: 0.000409 seconds.
  path: Assets/AssetsMaterial/Cainos/Pixel Art Icon Pack - RPG/Texture/Material/Paper.png
  artifactKey: Guid(615ecf391b0ba0b40a9c3882ac5e6afc) Importer(815301076,1909f56bfc062723c751e8b465ee728b)
Start importing Assets/AssetsMaterial/Cainos/Pixel Art Icon Pack - RPG/Texture/Material/Paper.png using Guid(615ecf391b0ba0b40a9c3882ac5e6afc) Importer(815301076,1909f56bfc062723c751e8b465ee728b)  -> (artifact id: '871b57eed3a506ae4cee07d0308d788d') in 0.015469 seconds 
========================================================================
Received Import Request.
  Time since last request: 0.000749 seconds.
  path: Assets/AssetsMaterial/Cainos/Pixel Art Icon Pack - RPG/Texture/Ore & Gem/Pearl.png
  artifactKey: Guid(2c523fa3ca4e1fc4b9a5713e504e6cce) Importer(815301076,1909f56bfc062723c751e8b465ee728b)
Start importing Assets/AssetsMaterial/Cainos/Pixel Art Icon Pack - RPG/Texture/Ore & Gem/Pearl.png using Guid(2c523fa3ca4e1fc4b9a5713e504e6cce) Importer(815301076,1909f56bfc062723c751e8b465ee728b)  -> (artifact id: '002ad139ddbbb6a3df1141633ddef440') in 0.016296 seconds 
========================================================================
Received Import Request.
  Time since last request: 0.000224 seconds.
  path: Assets/AssetsMaterial/Cainos/Pixel Art Icon Pack - RPG/Texture/Weapon & Tool/Pickaxe.png
  artifactKey: Guid(1fb46228a3bcb5042a763829cc07f9e5) Importer(815301076,1909f56bfc062723c751e8b465ee728b)
Start importing Assets/AssetsMaterial/Cainos/Pixel Art Icon Pack - RPG/Texture/Weapon & Tool/Pickaxe.png using Guid(1fb46228a3bcb5042a763829cc07f9e5) Importer(815301076,1909f56bfc062723c751e8b465ee728b)  -> (artifact id: '2ffce575732163ae6e217f73a536c24c') in 0.015631 seconds 
========================================================================
Received Import Request.
  Time since last request: 0.000360 seconds.
  path: Assets/AssetsMaterial/Sideview Sci-Fi - Patreon Collection/Sprites/mech-unit/sprites/mech-unit-export4.png
  artifactKey: Guid(89a15f0f9e8278545a87143a7ee596bb) Importer(815301076,1909f56bfc062723c751e8b465ee728b)
Start importing Assets/AssetsMaterial/Sideview Sci-Fi - Patreon Collection/Sprites/mech-unit/sprites/mech-unit-export4.png using Guid(89a15f0f9e8278545a87143a7ee596bb) Importer(815301076,1909f56bfc062723c751e8b465ee728b)  -> (artifact id: 'ad51803d3d138deb13fc08bcf6db54df') in 0.016390 seconds 
========================================================================
Received Import Request.
  Time since last request: 0.000363 seconds.
  path: Assets/AssetsMaterial/Cainos/Pixel Art Icon Pack - RPG/Texture/Ore & Gem/Obsidian.png
  artifactKey: Guid(edcbd57032ccbd44e9f228cdd323ab50) Importer(815301076,1909f56bfc062723c751e8b465ee728b)
Start importing Assets/AssetsMaterial/Cainos/Pixel Art Icon Pack - RPG/Texture/Ore & Gem/Obsidian.png using Guid(edcbd57032ccbd44e9f228cdd323ab50) Importer(815301076,1909f56bfc062723c751e8b465ee728b)  -> (artifact id: 'ad0d994d3cdd5b4a0b3972dad89e48bb') in 0.014781 seconds 
========================================================================
Received Import Request.
  Time since last request: 0.000365 seconds.
  path: Assets/AssetsMaterial/Sideview Sci-Fi - Patreon Collection/Sprites/mech-unit/sprites/mech-unit-export3.png
  artifactKey: Guid(04e12d98b11758a44b729e332183c3e9) Importer(815301076,1909f56bfc062723c751e8b465ee728b)
Start importing Assets/AssetsMaterial/Sideview Sci-Fi - Patreon Collection/Sprites/mech-unit/sprites/mech-unit-export3.png using Guid(04e12d98b11758a44b729e332183c3e9) Importer(815301076,1909f56bfc062723c751e8b465ee728b)  -> (artifact id: 'b97381254d051de4abf3b13e90f158bb') in 0.016748 seconds 
========================================================================
Received Import Request.
  Time since last request: 0.246089 seconds.
  path: Assets/AssetsMaterial/Cainos/Pixel Art Icon Pack - RPG/Texture/Weapon & Tool/Magic Wand.png
  artifactKey: Guid(40d526b51d159064f851539ce7779eec) Importer(815301076,1909f56bfc062723c751e8b465ee728b)
Start importing Assets/AssetsMaterial/Cainos/Pixel Art Icon Pack - RPG/Texture/Weapon & Tool/Magic Wand.png using Guid(40d526b51d159064f851539ce7779eec) Importer(815301076,1909f56bfc062723c751e8b465ee728b)  -> (artifact id: 'e2cd971023615fe6e2346ff052ef2cc6') in 0.015207 seconds 
========================================================================
Received Import Request.
  Time since last request: 0.000461 seconds.
  path: Assets/AssetsMaterial/Cainos/Pixel Art Icon Pack - RPG/Texture/Misc/Map.png
  artifactKey: Guid(34102981c7e63b646b05313914b723a6) Importer(815301076,1909f56bfc062723c751e8b465ee728b)
Start importing Assets/AssetsMaterial/Cainos/Pixel Art Icon Pack - RPG/Texture/Misc/Map.png using Guid(34102981c7e63b646b05313914b723a6) Importer(815301076,1909f56bfc062723c751e8b465ee728b)  -> (artifact id: 'eea1c7db638539493ebaee8c0d8fbc6b') in 0.017114 seconds 
========================================================================
Received Import Request.
  Time since last request: 0.000421 seconds.
  path: Assets/AssetsMaterial/Cainos/Pixel Art Icon Pack - RPG/Texture/Food/Meat.png
  artifactKey: Guid(14e62563269c11443b9c936be93b95f4) Importer(815301076,1909f56bfc062723c751e8b465ee728b)
Start importing Assets/AssetsMaterial/Cainos/Pixel Art Icon Pack - RPG/Texture/Food/Meat.png using Guid(14e62563269c11443b9c936be93b95f4) Importer(815301076,1909f56bfc062723c751e8b465ee728b)  -> (artifact id: '4e2057221c667694fe48e9170eb18800') in 0.016020 seconds 
========================================================================
Received Import Request.
  Time since last request: 96.306957 seconds.
  path: Assets/AssetsMaterial/1 Characters/2 Punk/Idle1.png
  artifactKey: Guid(cd9acb21fd5f3bd44ae7b772e5f6e28d) Importer(815301076,1909f56bfc062723c751e8b465ee728b)
Start importing Assets/AssetsMaterial/1 Characters/2 Punk/Idle1.png using Guid(cd9acb21fd5f3bd44ae7b772e5f6e28d) Importer(815301076,1909f56bfc062723c751e8b465ee728b)  -> (artifact id: '65877e0c6b59b0646315f30d07b9ffe9') in 0.017562 seconds 
========================================================================
Received Prepare
Registering precompiled user dll's ...
Registered in 0.002085 seconds.
Begin MonoManager ReloadAssembly
Symbol file LoadedFromMemory doesn't match image C:\Users\pegor\Documents\GitHub\Sam-s-Adventure\Library\PackageCache\com.unity.collab-proxy@1.15.15\Lib\Editor\PlasticSCM\unityplastic.dll
Native extension for Lumin target not found
Native extension for LinuxStandalone target not found
Native extension for WindowsStandalone target not found
Native extension for OSXStandalone target not found
Native extension for WebGL target not found
Refreshing native plugins compatible for Editor in 0.39 ms, found 3 plugins.
Preloading 0 native plugins for Editor in 0.00 ms.
Mono: successfully reloaded assembly
- Completed reload, in  0.630 seconds
Domain Reload Profiling:
	ReloadAssembly (631ms)
		BeginReloadAssembly (81ms)
			ExecutionOrderSort (0ms)
			DisableScriptedObjects (3ms)
			BackupInstance (0ms)
			ReleaseScriptingObjects (0ms)
			CreateAndSetChildDomain (27ms)
		EndReloadAssembly (512ms)
			LoadAssemblies (63ms)
			RebuildTransferFunctionScriptingTraits (0ms)
			SetupTypeCache (173ms)
			ReleaseScriptCaches (1ms)
			RebuildScriptCaches (26ms)
			SetupLoadedEditorAssemblies (193ms)
				LogAssemblyErrors (0ms)
				InitializePlatformSupportModulesInManaged (5ms)
				SetLoadedEditorAssemblies (0ms)
				RefreshPlugins (0ms)
				BeforeProcessingInitializeOnLoad (37ms)
				ProcessInitializeOnLoadAttributes (140ms)
				ProcessInitializeOnLoadMethodAttributes (7ms)
				AfterProcessingInitializeOnLoad (3ms)
				EditorAssembliesLoaded (0ms)
			ExecutionOrderSort2 (0ms)
			AwakeInstancesAfterBackupRestoration (6ms)
Platform modules already initialized, skipping
Refreshing native plugins compatible for Editor in 0.47 ms, found 3 plugins.
Preloading 0 native plugins for Editor in 0.00 ms.
Unloading 2211 Unused Serialized files (Serialized files now loaded: 0)
System memory in use before: 100.7 MB.
System memory in use after: 100.7 MB.

Unloading 20 unused Assets to reduce memory usage. Loaded Objects now: 2675.
Total: 2.365000 ms (FindLiveObjects: 0.126100 ms CreateObjectMapping: 0.042700 ms MarkObjects: 2.041200 ms  DeleteObjects: 0.154100 ms)

AssetImportParameters requested are different than current active one (requested -> active):
  custom:framework-win-MediaFoundation: 216162199b28c13a410421893ffa2e32 -> 
  custom:video-decoder-ogg-theora: a1e56fd34408186e4bbccfd4996cb3dc -> 
  custom:container-muxer-webm: aa71ff27fc2769a1b78a27578f13a17b -> 
  custom:container-demuxer-webm: 4f35f7cbe854078d1ac9338744f61a02 -> 
  custom:container-demuxer-ogg: 62fdf1f143b41e24485cea50d1cbac27 -> 
  custom:video-encoder-webm-vp8: eb34c28f22e8b96e1ab97ce403110664 -> 
  custom:video-decoder-webm-vp8: 9c59270c3fd7afecdb556c50c9e8de78 -> 
  custom:audio-decoder-ogg-vorbis: bf7c407c2cedff20999df2af8eb42d56 -> 
  custom:audio-encoder-webm-vorbis: bf7c407c2cedff20999df2af8eb42d56 -> 
========================================================================
Received Import Request.
  Time since last request: 305.063352 seconds.
  path: Assets/AssetsMaterial/3 Hands/3 Cyborg/2.png
  artifactKey: Guid(186b7a110b9ff13479607ec90cc3043e) Importer(815301076,1909f56bfc062723c751e8b465ee728b)
Start importing Assets/AssetsMaterial/3 Hands/3 Cyborg/2.png using Guid(186b7a110b9ff13479607ec90cc3043e) Importer(815301076,1909f56bfc062723c751e8b465ee728b)  -> (artifact id: 'e0735bea032e80ecd008f6dea5d428ea') in 0.045282 seconds 
========================================================================
Received Import Request.
  Time since last request: 0.000382 seconds.
  path: Assets/AssetsMaterial/3 Hands/3 Cyborg/4.png
  artifactKey: Guid(231b2d562ef93994aa59bf446009a77b) Importer(815301076,1909f56bfc062723c751e8b465ee728b)
Start importing Assets/AssetsMaterial/3 Hands/3 Cyborg/4.png using Guid(231b2d562ef93994aa59bf446009a77b) Importer(815301076,1909f56bfc062723c751e8b465ee728b)  -> (artifact id: 'b0f36f15b71bf47d02155cccc516be31') in 0.018990 seconds 
========================================================================
Received Import Request.
  Time since last request: 0.000591 seconds.
  path: Assets/AssetsMaterial/3 Hands/3 Cyborg/6.png
  artifactKey: Guid(7a6a9a7dcf735694e8a25332488cad03) Importer(815301076,1909f56bfc062723c751e8b465ee728b)
Start importing Assets/AssetsMaterial/3 Hands/3 Cyborg/6.png using Guid(7a6a9a7dcf735694e8a25332488cad03) Importer(815301076,1909f56bfc062723c751e8b465ee728b)  -> (artifact id: 'bf7baee478488523161dfd36a62ae8e1') in 0.015525 seconds 
========================================================================
Received Import Request.
  Time since last request: 0.000276 seconds.
  path: Assets/AssetsMaterial/Sideview Sci-Fi - Patreon Collection/Sprites/alien-walking-enemy/PSD/alien-enemy-idle.psd
  artifactKey: Guid(f029b28b17d86df4895398aa6f9110d3) Importer(815301076,1909f56bfc062723c751e8b465ee728b)
Start importing Assets/AssetsMaterial/Sideview Sci-Fi - Patreon Collection/Sprites/alien-walking-enemy/PSD/alien-enemy-idle.psd using Guid(f029b28b17d86df4895398aa6f9110d3) Importer(815301076,1909f56bfc062723c751e8b465ee728b)  -> (artifact id: '973e459ee696f5349bc4a81e65537f45') in 0.020413 seconds 
========================================================================
Received Import Request.
  Time since last request: 0.000531 seconds.
  path: Assets/AssetsMaterial/3 Hands/1 Biker/9.png
  artifactKey: Guid(07d5ed204f333d44d8a40108c51b43e5) Importer(815301076,1909f56bfc062723c751e8b465ee728b)
Start importing Assets/AssetsMaterial/3 Hands/1 Biker/9.png using Guid(07d5ed204f333d44d8a40108c51b43e5) Importer(815301076,1909f56bfc062723c751e8b465ee728b)  -> (artifact id: 'fb284f33a6fd29ce37cf94bdb7efc71c') in 0.015400 seconds 
========================================================================
Received Import Request.
  Time since last request: 0.000445 seconds.
  path: Assets/AssetsMaterial/2D Character Vector Flat Style/Animations/Run/Armature_run_6.png
  artifactKey: Guid(15cf5dfd3da23c2448cc69d23c94ea48) Importer(815301076,1909f56bfc062723c751e8b465ee728b)
Start importing Assets/AssetsMaterial/2D Character Vector Flat Style/Animations/Run/Armature_run_6.png using Guid(15cf5dfd3da23c2448cc69d23c94ea48) Importer(815301076,1909f56bfc062723c751e8b465ee728b)  -> (artifact id: 'edcac9e1a2dc74a42398aa6160414dd7') in 0.017152 seconds 
========================================================================
Received Import Request.
  Time since last request: 0.000292 seconds.
  path: Assets/AssetsMaterial/Sideview Sci-Fi - Patreon Collection/Music/music bipedal mech/Bipedal Mech.wav
  artifactKey: Guid(4d4e9b856ffa167438abc9a8f4e94626) Importer(815301076,1909f56bfc062723c751e8b465ee728b)
Start importing Assets/AssetsMaterial/Sideview Sci-Fi - Patreon Collection/Music/music bipedal mech/Bipedal Mech.wav using Guid(4d4e9b856ffa167438abc9a8f4e94626) Importer(815301076,1909f56bfc062723c751e8b465ee728b)  -> (artifact id: 'be987607991dc3909aad2214a0f82587') in 0.063644 seconds 
========================================================================
Received Import Request.
  Time since last request: 0.000381 seconds.
  path: Assets/AssetsMaterial/Sideview Sci-Fi - Patreon Collection/Music/music bipedal mech/Bipedal Mech.ogg
  artifactKey: Guid(8eaf108642763244fbcfd606f70cd43e) Importer(815301076,1909f56bfc062723c751e8b465ee728b)
Start importing Assets/AssetsMaterial/Sideview Sci-Fi - Patreon Collection/Music/music bipedal mech/Bipedal Mech.ogg using Guid(8eaf108642763244fbcfd606f70cd43e) Importer(815301076,1909f56bfc062723c751e8b465ee728b)  -> (artifact id: '98996ae0ebf4ac196478e586cd7bbc9f') in 0.013439 seconds 
========================================================================
Received Import Request.
  Time since last request: 0.000425 seconds.
  path: Assets/AssetsMaterial/Sideview Sci-Fi - Patreon Collection/Environments/cyberpunk-detective-props/PNG/big-computer.png
  artifactKey: Guid(489b5c6d759edcd4ea68bbba978d5270) Importer(815301076,1909f56bfc062723c751e8b465ee728b)
Start importing Assets/AssetsMaterial/Sideview Sci-Fi - Patreon Collection/Environments/cyberpunk-detective-props/PNG/big-computer.png using Guid(489b5c6d759edcd4ea68bbba978d5270) Importer(815301076,1909f56bfc062723c751e8b465ee728b)  -> (artifact id: '260626c0ac758481f2b19489ac9e530f') in 0.018308 seconds 
========================================================================
Received Import Request.
  Time since last request: 0.000245 seconds.
  path: Assets/AssetsMaterial/Cainos/Pixel Art Icon Pack - RPG/Texture/Food/Apple.png
  artifactKey: Guid(da7129ed6a246f048a49d8d97de2d2d4) Importer(815301076,1909f56bfc062723c751e8b465ee728b)
Start importing Assets/AssetsMaterial/Cainos/Pixel Art Icon Pack - RPG/Texture/Food/Apple.png using Guid(da7129ed6a246f048a49d8d97de2d2d4) Importer(815301076,1909f56bfc062723c751e8b465ee728b)  -> (artifact id: '578e8d8bb5a05889533b103a734c1ecf') in 0.018020 seconds 
========================================================================
Received Import Request.
  Time since last request: 0.000225 seconds.
  path: Assets/AssetsMaterial/3 Hands/2 Punk/4.png
  artifactKey: Guid(acf98fc02f65b3849ac63d03a956d4cf) Importer(815301076,1909f56bfc062723c751e8b465ee728b)
Start importing Assets/AssetsMaterial/3 Hands/2 Punk/4.png using Guid(acf98fc02f65b3849ac63d03a956d4cf) Importer(815301076,1909f56bfc062723c751e8b465ee728b)  -> (artifact id: '46770ec936a7c8cf081f50b794fc7171') in 0.014205 seconds 
========================================================================
Received Import Request.
  Time since last request: 0.000175 seconds.
  path: Assets/AssetsMaterial/Sideview Sci-Fi - Patreon Collection/Music/music bipedal mech/Bipedal Mech.mp3
  artifactKey: Guid(cacdbe1ad2cdaa3418ecc9539874aa26) Importer(815301076,1909f56bfc062723c751e8b465ee728b)
Start importing Assets/AssetsMaterial/Sideview Sci-Fi - Patreon Collection/Music/music bipedal mech/Bipedal Mech.mp3 using Guid(cacdbe1ad2cdaa3418ecc9539874aa26) Importer(815301076,1909f56bfc062723c751e8b465ee728b)  -> (artifact id: 'ba259303a59873a25a5933e8aef47703') in 0.011537 seconds 
========================================================================
Received Import Request.
  Time since last request: 0.000252 seconds.
  path: Assets/AssetsMaterial/3 Hands/1 Biker/2.png
  artifactKey: Guid(a7d116f4878987644bb5c64b11a53779) Importer(815301076,1909f56bfc062723c751e8b465ee728b)
Start importing Assets/AssetsMaterial/3 Hands/1 Biker/2.png using Guid(a7d116f4878987644bb5c64b11a53779) Importer(815301076,1909f56bfc062723c751e8b465ee728b)  -> (artifact id: '54cc4195ec34583481204a97ab416346') in 0.014682 seconds 
========================================================================
Received Import Request.
  Time since last request: 0.000218 seconds.
  path: Assets/AssetsMaterial/Buttons/Sliced/buttons_1x_sliced.png
  artifactKey: Guid(b6fbbf9303a70aa418157ffb16217dce) Importer(815301076,1909f56bfc062723c751e8b465ee728b)
Start importing Assets/AssetsMaterial/Buttons/Sliced/buttons_1x_sliced.png using Guid(b6fbbf9303a70aa418157ffb16217dce) Importer(815301076,1909f56bfc062723c751e8b465ee728b)  -> (artifact id: 'e0e21e1120d4f0aa52066e0571a256ec') in 0.015023 seconds 
========================================================================
Received Import Request.
  Time since last request: 0.000280 seconds.
  path: Assets/AssetsMaterial/2D Character Vector Flat Style/Animations/Crouch/Armature_crouch_0.png
  artifactKey: Guid(9fddc63036540984d969bbc2454a98cc) Importer(815301076,1909f56bfc062723c751e8b465ee728b)
Start importing Assets/AssetsMaterial/2D Character Vector Flat Style/Animations/Crouch/Armature_crouch_0.png using Guid(9fddc63036540984d969bbc2454a98cc) Importer(815301076,1909f56bfc062723c751e8b465ee728b)  -> (artifact id: 'fd531072cc536996c23242c3a8bc6535') in 0.016162 seconds 
========================================================================
Received Import Request.
  Time since last request: 0.000279 seconds.
  path: Assets/AssetsMaterial/2D Character Vector Flat Style/Animations/Run/Armature_run_5.png
  artifactKey: Guid(34c04bd27d4ee23478da78571954fd57) Importer(815301076,1909f56bfc062723c751e8b465ee728b)
Start importing Assets/AssetsMaterial/2D Character Vector Flat Style/Animations/Run/Armature_run_5.png using Guid(34c04bd27d4ee23478da78571954fd57) Importer(815301076,1909f56bfc062723c751e8b465ee728b)  -> (artifact id: 'ff93b18935c6dc68692e7ed60157b06d') in 0.016481 seconds 
========================================================================
Received Import Request.
  Time since last request: 0.128331 seconds.
  path: Assets/AssetsMaterial/Sideview Sci-Fi - Patreon Collection/Environments/cyberpunk-corridor-files/PNG/cyberpunk-corridor-PREVIEW.png
  artifactKey: Guid(e860dfdfc44585b4e99250b0e3dd7325) Importer(815301076,1909f56bfc062723c751e8b465ee728b)
Start importing Assets/AssetsMaterial/Sideview Sci-Fi - Patreon Collection/Environments/cyberpunk-corridor-files/PNG/cyberpunk-corridor-PREVIEW.png using Guid(e860dfdfc44585b4e99250b0e3dd7325) Importer(815301076,1909f56bfc062723c751e8b465ee728b)  -> (artifact id: '8ce26ed9514831e0af8a60db91f7cc7d') in 0.012107 seconds 
========================================================================
Received Import Request.
  Time since last request: 4.314843 seconds.
  path: Assets/AssetsMaterial/Sideview Sci-Fi - Patreon Collection/Environments/cyberpunk-detective-props/PSD/cyberpunk-props-5.psd
  artifactKey: Guid(cd66eb456f2f34542a593023148942b1) Importer(815301076,1909f56bfc062723c751e8b465ee728b)
Start importing Assets/AssetsMaterial/Sideview Sci-Fi - Patreon Collection/Environments/cyberpunk-detective-props/PSD/cyberpunk-props-5.psd using Guid(cd66eb456f2f34542a593023148942b1) Importer(815301076,1909f56bfc062723c751e8b465ee728b)  -> (artifact id: '7e96bf8e7f559e5ee6fd5fb61a431cb0') in 0.018059 seconds 
========================================================================
Received Import Request.
  Time since last request: 0.000410 seconds.
  path: Assets/AssetsMaterial/Sideview Sci-Fi - Patreon Collection/Environments/cyberpunk-detective-props/PSD/cyberpunk-props-6.psd
  artifactKey: Guid(3d6301437915b6a45b486c8d279bf515) Importer(815301076,1909f56bfc062723c751e8b465ee728b)
Start importing Assets/AssetsMaterial/Sideview Sci-Fi - Patreon Collection/Environments/cyberpunk-detective-props/PSD/cyberpunk-props-6.psd using Guid(3d6301437915b6a45b486c8d279bf515) Importer(815301076,1909f56bfc062723c751e8b465ee728b)  -> (artifact id: '309fa8b70d82a4a726f00dbaa322231a') in 0.017136 seconds 
========================================================================
Received Import Request.
  Time since last request: 0.695670 seconds.
  path: Assets/AssetsMaterial/Cainos/Pixel Art Icon Pack - RPG/Texture/Food/Cheese.png
  artifactKey: Guid(988aad686dc1fec48bbc0dee20cead64) Importer(815301076,1909f56bfc062723c751e8b465ee728b)
Start importing Assets/AssetsMaterial/Cainos/Pixel Art Icon Pack - RPG/Texture/Food/Cheese.png using Guid(988aad686dc1fec48bbc0dee20cead64) Importer(815301076,1909f56bfc062723c751e8b465ee728b)  -> (artifact id: '7ce22408e32d9a2bb5c7795daff3be22') in 0.015662 seconds 
========================================================================
Received Import Request.
  Time since last request: 2.227714 seconds.
  path: Assets/AssetsMaterial/2D Character Vector Flat Style/Animations/Running Shoot/Armature_running_shoot_4.png
  artifactKey: Guid(2cb732eb408e55c4580e829254acc3e5) Importer(815301076,1909f56bfc062723c751e8b465ee728b)
Start importing Assets/AssetsMaterial/2D Character Vector Flat Style/Animations/Running Shoot/Armature_running_shoot_4.png using Guid(2cb732eb408e55c4580e829254acc3e5) Importer(815301076,1909f56bfc062723c751e8b465ee728b)  -> (artifact id: 'ee16a3d1babc2afcbd5b00b55490dbc6') in 0.014144 seconds 
========================================================================
Received Import Request.
  Time since last request: 0.000351 seconds.
  path: Assets/AssetsMaterial/2D Character Vector Flat Style/Animations/Running Shoot/Armature_running_shoot_5.png
  artifactKey: Guid(85ce6ea313c78dd4b99974bd36a3958c) Importer(815301076,1909f56bfc062723c751e8b465ee728b)
Start importing Assets/AssetsMaterial/2D Character Vector Flat Style/Animations/Running Shoot/Armature_running_shoot_5.png using Guid(85ce6ea313c78dd4b99974bd36a3958c) Importer(815301076,1909f56bfc062723c751e8b465ee728b)  -> (artifact id: 'd10bd66f00f71c8a233e3419b97fdf24') in 0.016976 seconds 
========================================================================
Received Import Request.
  Time since last request: 0.722790 seconds.
  path: Assets/AssetsMaterial/2D Character Vector Flat Style/Animations/Idle/Armature_idle_07.png
  artifactKey: Guid(560ab5688552f614187edbe32520bee7) Importer(815301076,1909f56bfc062723c751e8b465ee728b)
Start importing Assets/AssetsMaterial/2D Character Vector Flat Style/Animations/Idle/Armature_idle_07.png using Guid(560ab5688552f614187edbe32520bee7) Importer(815301076,1909f56bfc062723c751e8b465ee728b)  -> (artifact id: '3cc5df614aebadc4abb78dfd1a71984d') in 0.014738 seconds 
========================================================================
Received Import Request.
  Time since last request: 0.000498 seconds.
  path: Assets/AssetsMaterial/2D Character Vector Flat Style/Animations/Idle/Armature_idle_08.png
  artifactKey: Guid(56b98e08d790722439ade0e582380aae) Importer(815301076,1909f56bfc062723c751e8b465ee728b)
Start importing Assets/AssetsMaterial/2D Character Vector Flat Style/Animations/Idle/Armature_idle_08.png using Guid(56b98e08d790722439ade0e582380aae) Importer(815301076,1909f56bfc062723c751e8b465ee728b)  -> (artifact id: 'a4847a8391b459c21b087715e4b4b7f2') in 0.017540 seconds 
========================================================================
Received Import Request.
  Time since last request: 0.000662 seconds.
  path: Assets/AssetsMaterial/2D Character Vector Flat Style/Animations/Idle/Armature_idle_09.png
  artifactKey: Guid(5224f2a1355a8ff46960ff3d5e437d75) Importer(815301076,1909f56bfc062723c751e8b465ee728b)
Start importing Assets/AssetsMaterial/2D Character Vector Flat Style/Animations/Idle/Armature_idle_09.png using Guid(5224f2a1355a8ff46960ff3d5e437d75) Importer(815301076,1909f56bfc062723c751e8b465ee728b)  -> (artifact id: '11d2ed9dc87400c8d62e3b90125ca013') in 0.017414 seconds 
========================================================================
Received Import Request.
  Time since last request: 1.224982 seconds.
  path: Assets/AssetsMaterial/3 Hands/2 Punk/10.png
  artifactKey: Guid(ecb2e99ae3e758d47a9dd87c047260a6) Importer(815301076,1909f56bfc062723c751e8b465ee728b)
Start importing Assets/AssetsMaterial/3 Hands/2 Punk/10.png using Guid(ecb2e99ae3e758d47a9dd87c047260a6) Importer(815301076,1909f56bfc062723c751e8b465ee728b)  -> (artifact id: '55cf227890c3b01a33b0c955d25b142d') in 0.014365 seconds 
========================================================================
Received Import Request.
  Time since last request: 1.295454 seconds.
  path: Assets/AssetsMaterial/3 Hands/1 Biker/5.png
  artifactKey: Guid(0220a738e0175504395048ae9ee1048d) Importer(815301076,1909f56bfc062723c751e8b465ee728b)
Start importing Assets/AssetsMaterial/3 Hands/1 Biker/5.png using Guid(0220a738e0175504395048ae9ee1048d) Importer(815301076,1909f56bfc062723c751e8b465ee728b)  -> (artifact id: '70afe69ffd4643a6990c4f9468d82c43') in 0.014048 seconds 
========================================================================
Received Import Request.
  Time since last request: 0.000360 seconds.
  path: Assets/AssetsMaterial/3 Hands/2 Punk/5.png
  artifactKey: Guid(d7f745e92d12afa4d8f2918531cdf09f) Importer(815301076,1909f56bfc062723c751e8b465ee728b)
Start importing Assets/AssetsMaterial/3 Hands/2 Punk/5.png using Guid(d7f745e92d12afa4d8f2918531cdf09f) Importer(815301076,1909f56bfc062723c751e8b465ee728b)  -> (artifact id: '37f676d500a2c5822d3861ff0d74b909') in 0.014724 seconds 
========================================================================
Received Import Request.
  Time since last request: 0.000296 seconds.
  path: Assets/AssetsMaterial/3 Hands/3 Cyborg/5.png
  artifactKey: Guid(649985c42b6512c4da838199d28799b1) Importer(815301076,1909f56bfc062723c751e8b465ee728b)
Start importing Assets/AssetsMaterial/3 Hands/3 Cyborg/5.png using Guid(649985c42b6512c4da838199d28799b1) Importer(815301076,1909f56bfc062723c751e8b465ee728b)  -> (artifact id: '04dac0aebb9f879ee7a7f9a7584e1d7a') in 0.013049 seconds 
========================================================================
Received Import Request.
  Time since last request: 0.679712 seconds.
  path: Assets/AssetsMaterial/3 Hands/1 Biker/1.png
  artifactKey: Guid(d18b1e88c5f47a341bc5040cc6515134) Importer(815301076,1909f56bfc062723c751e8b465ee728b)
Start importing Assets/AssetsMaterial/3 Hands/1 Biker/1.png using Guid(d18b1e88c5f47a341bc5040cc6515134) Importer(815301076,1909f56bfc062723c751e8b465ee728b)  -> (artifact id: '8cc025700b19fd371cf1324bd81f767a') in 0.015317 seconds 
========================================================================
Received Import Request.
  Time since last request: 0.000396 seconds.
  path: Assets/AssetsMaterial/3 Hands/3 Cyborg/1.png
  artifactKey: Guid(743d621186841134fbb1adc40b0fe04d) Importer(815301076,1909f56bfc062723c751e8b465ee728b)
Start importing Assets/AssetsMaterial/3 Hands/3 Cyborg/1.png using Guid(743d621186841134fbb1adc40b0fe04d) Importer(815301076,1909f56bfc062723c751e8b465ee728b)  -> (artifact id: '6e854d09bba9453b9847ef64636cc16f') in 0.016142 seconds 
========================================================================
Received Import Request.
  Time since last request: 8.137343 seconds.
  path: Assets/AssetsMaterial/3 Hands/2 Punk/2.png
  artifactKey: Guid(3ec9686f18be4a14cb9b57d714e50242) Importer(815301076,1909f56bfc062723c751e8b465ee728b)
Start importing Assets/AssetsMaterial/3 Hands/2 Punk/2.png using Guid(3ec9686f18be4a14cb9b57d714e50242) Importer(815301076,1909f56bfc062723c751e8b465ee728b)  -> (artifact id: '96cdb6641106eca9b755ebe986cddf76') in 0.018456 seconds 
========================================================================
Received Import Request.
  Time since last request: 0.086448 seconds.
  path: Assets/AssetsMaterial/3 Hands/1 Biker/7.png
  artifactKey: Guid(dca24b10a33296b4396e8bb549fed80d) Importer(815301076,1909f56bfc062723c751e8b465ee728b)
Start importing Assets/AssetsMaterial/3 Hands/1 Biker/7.png using Guid(dca24b10a33296b4396e8bb549fed80d) Importer(815301076,1909f56bfc062723c751e8b465ee728b)  -> (artifact id: 'c8b136b80fc1fa24c8923353f7d011a9') in 0.014860 seconds 
========================================================================
Received Import Request.
  Time since last request: 0.063920 seconds.
  path: Assets/AssetsMaterial/2D Character Vector Flat Style/Animations/Idle/Armature_idle_01.png
  artifactKey: Guid(2d14ccdb5d9449b46991bc19ac53f43c) Importer(815301076,1909f56bfc062723c751e8b465ee728b)
Start importing Assets/AssetsMaterial/2D Character Vector Flat Style/Animations/Idle/Armature_idle_01.png using Guid(2d14ccdb5d9449b46991bc19ac53f43c) Importer(815301076,1909f56bfc062723c751e8b465ee728b)  -> (artifact id: 'b7a15d47f73ad196e1c0e596ac32fc40') in 0.013650 seconds 
========================================================================
Received Import Request.
  Time since last request: 0.000160 seconds.
  path: Assets/AssetsMaterial/2D Character Vector Flat Style/Animations/Idle/Armature_idle_02.png
  artifactKey: Guid(cbe211d4733e4b44b9f34a52baccd669) Importer(815301076,1909f56bfc062723c751e8b465ee728b)
Start importing Assets/AssetsMaterial/2D Character Vector Flat Style/Animations/Idle/Armature_idle_02.png using Guid(cbe211d4733e4b44b9f34a52baccd669) Importer(815301076,1909f56bfc062723c751e8b465ee728b)  -> (artifact id: 'c571137aefe0cd2376e37047aca71d9a') in 0.015869 seconds 
========================================================================
Received Import Request.
  Time since last request: 0.000438 seconds.
  path: Assets/AssetsMaterial/2D Character Vector Flat Style/Animations/Idle/Armature_idle_10.png
  artifactKey: Guid(d5a11cc60777b754699ab4dca7df8f08) Importer(815301076,1909f56bfc062723c751e8b465ee728b)
Start importing Assets/AssetsMaterial/2D Character Vector Flat Style/Animations/Idle/Armature_idle_10.png using Guid(d5a11cc60777b754699ab4dca7df8f08) Importer(815301076,1909f56bfc062723c751e8b465ee728b)  -> (artifact id: 'd5dffcbd4171219378d2e95c272361b3') in 0.015779 seconds 
========================================================================
Received Import Request.
  Time since last request: 0.000349 seconds.
  path: Assets/AssetsMaterial/2D Character Vector Flat Style/Animations/Run/Armature_run_7.png
  artifactKey: Guid(65110c29758de1346911dc6e0e401702) Importer(815301076,1909f56bfc062723c751e8b465ee728b)
Start importing Assets/AssetsMaterial/2D Character Vector Flat Style/Animations/Run/Armature_run_7.png using Guid(65110c29758de1346911dc6e0e401702) Importer(815301076,1909f56bfc062723c751e8b465ee728b)  -> (artifact id: 'de6a303a236458b126676264eceb35b4') in 0.015065 seconds 
========================================================================
Received Import Request.
  Time since last request: 0.080000 seconds.
  path: Assets/AssetsMaterial/2D Character Vector Flat Style/Animations/Running Shoot/Armature_running_shoot_6.png
  artifactKey: Guid(bf22f7959baa1e0469ff228a30061866) Importer(815301076,1909f56bfc062723c751e8b465ee728b)
Start importing Assets/AssetsMaterial/2D Character Vector Flat Style/Animations/Running Shoot/Armature_running_shoot_6.png using Guid(bf22f7959baa1e0469ff228a30061866) Importer(815301076,1909f56bfc062723c751e8b465ee728b)  -> (artifact id: '1860d6e00a01726107804167d8caabf7') in 0.017737 seconds 
========================================================================
Received Import Request.
  Time since last request: 0.000516 seconds.
  path: Assets/AssetsMaterial/2D Character Vector Flat Style/Animations/Shoot Up/Armature_shoot_up_1.png
  artifactKey: Guid(4af6af110de44fa42866e50f1d7eef29) Importer(815301076,1909f56bfc062723c751e8b465ee728b)
Start importing Assets/AssetsMaterial/2D Character Vector Flat Style/Animations/Shoot Up/Armature_shoot_up_1.png using Guid(4af6af110de44fa42866e50f1d7eef29) Importer(815301076,1909f56bfc062723c751e8b465ee728b)  -> (artifact id: '3332136ae776401925459c7da4188b1f') in 0.017870 seconds 
========================================================================
Received Import Request.
  Time since last request: 0.000391 seconds.
  path: Assets/AssetsMaterial/Sideview Sci-Fi - Patreon Collection/Environments/another-world/PNG/layered/back-towers.png
  artifactKey: Guid(74ef2910c89eb1c43bb74a124bef05f3) Importer(815301076,1909f56bfc062723c751e8b465ee728b)
Start importing Assets/AssetsMaterial/Sideview Sci-Fi - Patreon Collection/Environments/another-world/PNG/layered/back-towers.png using Guid(74ef2910c89eb1c43bb74a124bef05f3) Importer(815301076,1909f56bfc062723c751e8b465ee728b)  -> (artifact id: 'd9e9e85a5f6df00ce2ce8adf6df703e4') in 0.023641 seconds 
========================================================================
Received Import Request.
  Time since last request: 0.428706 seconds.
  path: Assets/AssetsMaterial/Cainos/Pixel Art Icon Pack - RPG/Texture/Monster Part/Bone.png
  artifactKey: Guid(844a1050d03ba5046bfb86af34a81e47) Importer(815301076,1909f56bfc062723c751e8b465ee728b)
Start importing Assets/AssetsMaterial/Cainos/Pixel Art Icon Pack - RPG/Texture/Monster Part/Bone.png using Guid(844a1050d03ba5046bfb86af34a81e47) Importer(815301076,1909f56bfc062723c751e8b465ee728b)  -> (artifact id: '76313d028322e19708cc2dc30c60b4a9') in 0.017775 seconds 
========================================================================
Received Import Request.
  Time since last request: 0.021188 seconds.
  path: Assets/AssetsMaterial/Cainos/Pixel Art Icon Pack - RPG/Texture/Misc/Chest.png
  artifactKey: Guid(c8303e833b0ef184e99c1bc8940fff84) Importer(815301076,1909f56bfc062723c751e8b465ee728b)
Start importing Assets/AssetsMaterial/Cainos/Pixel Art Icon Pack - RPG/Texture/Misc/Chest.png using Guid(c8303e833b0ef184e99c1bc8940fff84) Importer(815301076,1909f56bfc062723c751e8b465ee728b)  -> (artifact id: '3b2ad80f7d6fa8d3cfe544ca397c66e0') in 0.017608 seconds 
========================================================================
Received Import Request.
  Time since last request: 1.893534 seconds.
  path: Assets/AssetsMaterial/Cainos/Pixel Art Icon Pack - RPG/Texture/Misc/Envolop.png
  artifactKey: Guid(745c230e29c9393469cb614114618353) Importer(815301076,1909f56bfc062723c751e8b465ee728b)
Start importing Assets/AssetsMaterial/Cainos/Pixel Art Icon Pack - RPG/Texture/Misc/Envolop.png using Guid(745c230e29c9393469cb614114618353) Importer(815301076,1909f56bfc062723c751e8b465ee728b)  -> (artifact id: 'ed8adebcd04c65549d5e5e80fd5e0106') in 0.013416 seconds 
========================================================================
Received Import Request.
  Time since last request: 0.020870 seconds.
  path: Assets/AssetsMaterial/Sideview Sci-Fi - Patreon Collection/Sprites/Explosion/sprites/explosion-animation3.png
  artifactKey: Guid(1ac70093978fc7f49b0cf8096ce8e405) Importer(815301076,1909f56bfc062723c751e8b465ee728b)
Start importing Assets/AssetsMaterial/Sideview Sci-Fi - Patreon Collection/Sprites/Explosion/sprites/explosion-animation3.png using Guid(1ac70093978fc7f49b0cf8096ce8e405) Importer(815301076,1909f56bfc062723c751e8b465ee728b)  -> (artifact id: '8eacbb901eae3e8887fba2051fb4cdb0') in 0.018418 seconds 
========================================================================
Received Import Request.
  Time since last request: 9.956585 seconds.
  path: Assets/AssetsMaterial/TeamGunner_By_SecretHideout_060519/CHARACTER_SPRITES/Green/Gunner_Green_Crouch.png
  artifactKey: Guid(a6416ffe4f3f965489034245e2aac00f) Importer(815301076,1909f56bfc062723c751e8b465ee728b)
Start importing Assets/AssetsMaterial/TeamGunner_By_SecretHideout_060519/CHARACTER_SPRITES/Green/Gunner_Green_Crouch.png using Guid(a6416ffe4f3f965489034245e2aac00f) Importer(815301076,1909f56bfc062723c751e8b465ee728b)  -> (artifact id: '2c615554021e3f0d98120ddb0f69440a') in 0.017061 seconds 
========================================================================
Received Import Request.
  Time since last request: 1.852602 seconds.
  path: Assets/AssetsMaterial/TeamGunner_By_SecretHideout_060519/CHARACTER_SPRITES/Red/Gunner_Red_Idle.png
  artifactKey: Guid(52ec8bda21cad4d48b3ff9eb7ada5564) Importer(815301076,1909f56bfc062723c751e8b465ee728b)
Start importing Assets/AssetsMaterial/TeamGunner_By_SecretHideout_060519/CHARACTER_SPRITES/Red/Gunner_Red_Idle.png using Guid(52ec8bda21cad4d48b3ff9eb7ada5564) Importer(815301076,1909f56bfc062723c751e8b465ee728b)  -> (artifact id: 'b0d35fd7580927ac8665d6e96fe9e31b') in 0.016726 seconds 
========================================================================
Received Import Request.
  Time since last request: 1.339995 seconds.
  path: Assets/AssetsMaterial/TeamGunner_By_SecretHideout_060519/CHARACTER_SPRITES/Red/Gunner_Red_Jump.png
  artifactKey: Guid(261b532a8a9379d4f84669c78b3a6715) Importer(815301076,1909f56bfc062723c751e8b465ee728b)
Start importing Assets/AssetsMaterial/TeamGunner_By_SecretHideout_060519/CHARACTER_SPRITES/Red/Gunner_Red_Jump.png using Guid(261b532a8a9379d4f84669c78b3a6715) Importer(815301076,1909f56bfc062723c751e8b465ee728b)  -> (artifact id: '41fa2187f9623bc671caaa103fb2a5a5') in 0.016943 seconds 
========================================================================
Received Import Request.
  Time since last request: 4.077611 seconds.
  path: Assets/AssetsMaterial/Cainos/Pixel Art Icon Pack - RPG/Texture/Food/Ham.png
  artifactKey: Guid(c1101a972f67d164db2754844fbeeda2) Importer(815301076,1909f56bfc062723c751e8b465ee728b)
Start importing Assets/AssetsMaterial/Cainos/Pixel Art Icon Pack - RPG/Texture/Food/Ham.png using Guid(c1101a972f67d164db2754844fbeeda2) Importer(815301076,1909f56bfc062723c751e8b465ee728b)  -> (artifact id: 'b651db381e9569b05e2b863880a84ac6') in 0.014055 seconds 
========================================================================
Received Import Request.
  Time since last request: 0.502843 seconds.
  path: Assets/AssetsMaterial/Cainos/Pixel Art Icon Pack - RPG/Texture/Weapon & Tool/Hammer.png
  artifactKey: Guid(7b8e0222a006d824e930445c7d435ac3) Importer(815301076,1909f56bfc062723c751e8b465ee728b)
Start importing Assets/AssetsMaterial/Cainos/Pixel Art Icon Pack - RPG/Texture/Weapon & Tool/Hammer.png using Guid(7b8e0222a006d824e930445c7d435ac3) Importer(815301076,1909f56bfc062723c751e8b465ee728b)  -> (artifact id: '5b6bd8d48d534a089070aa80d9c7dafe') in 0.014779 seconds 
========================================================================
Received Import Request.
  Time since last request: 34.018897 seconds.
  path: Assets/AssetsMaterial/Cainos/Pixel Art Icon Pack - RPG/Texture/Food/Bread.png
  artifactKey: Guid(1a58749f555f75e48baa41893215b26e) Importer(815301076,1909f56bfc062723c751e8b465ee728b)
Start importing Assets/AssetsMaterial/Cainos/Pixel Art Icon Pack - RPG/Texture/Food/Bread.png using Guid(1a58749f555f75e48baa41893215b26e) Importer(815301076,1909f56bfc062723c751e8b465ee728b)  -> (artifact id: '4ed224763ed1f96cbb880fecb980dd57') in 0.011512 seconds 
========================================================================
Received Prepare
Registering precompiled user dll's ...
Registered in 0.004441 seconds.
Begin MonoManager ReloadAssembly
Symbol file LoadedFromMemory doesn't match image C:\Users\pegor\Documents\GitHub\Sam-s-Adventure\Library\PackageCache\com.unity.collab-proxy@1.15.15\Lib\Editor\PlasticSCM\unityplastic.dll
Native extension for Lumin target not found
Native extension for LinuxStandalone target not found
Native extension for WindowsStandalone target not found
Native extension for OSXStandalone target not found
Native extension for WebGL target not found
Refreshing native plugins compatible for Editor in 0.44 ms, found 3 plugins.
Preloading 0 native plugins for Editor in 0.00 ms.
Mono: successfully reloaded assembly
- Completed reload, in  0.647 seconds
Domain Reload Profiling:
	ReloadAssembly (647ms)
		BeginReloadAssembly (86ms)
			ExecutionOrderSort (0ms)
			DisableScriptedObjects (5ms)
			BackupInstance (0ms)
			ReleaseScriptingObjects (0ms)
			CreateAndSetChildDomain (27ms)
		EndReloadAssembly (519ms)
			LoadAssemblies (77ms)
			RebuildTransferFunctionScriptingTraits (0ms)
			SetupTypeCache (184ms)
			ReleaseScriptCaches (1ms)
			RebuildScriptCaches (24ms)
			SetupLoadedEditorAssemblies (187ms)
				LogAssemblyErrors (0ms)
				InitializePlatformSupportModulesInManaged (5ms)
				SetLoadedEditorAssemblies (0ms)
				RefreshPlugins (1ms)
				BeforeProcessingInitializeOnLoad (38ms)
				ProcessInitializeOnLoadAttributes (132ms)
				ProcessInitializeOnLoadMethodAttributes (7ms)
				AfterProcessingInitializeOnLoad (3ms)
				EditorAssembliesLoaded (0ms)
			ExecutionOrderSort2 (0ms)
			AwakeInstancesAfterBackupRestoration (5ms)
Platform modules already initialized, skipping
Refreshing native plugins compatible for Editor in 0.43 ms, found 3 plugins.
Preloading 0 native plugins for Editor in 0.00 ms.
Unloading 2211 Unused Serialized files (Serialized files now loaded: 0)
System memory in use before: 100.9 MB.
System memory in use after: 100.9 MB.

Unloading 20 unused Assets to reduce memory usage. Loaded Objects now: 2702.
Total: 2.422000 ms (FindLiveObjects: 0.121900 ms CreateObjectMapping: 0.030800 ms MarkObjects: 2.168300 ms  DeleteObjects: 0.099900 ms)

AssetImportParameters requested are different than current active one (requested -> active):
  custom:framework-win-MediaFoundation: 216162199b28c13a410421893ffa2e32 -> 
  custom:video-decoder-ogg-theora: a1e56fd34408186e4bbccfd4996cb3dc -> 
  custom:container-muxer-webm: aa71ff27fc2769a1b78a27578f13a17b -> 
  custom:container-demuxer-webm: 4f35f7cbe854078d1ac9338744f61a02 -> 
  custom:container-demuxer-ogg: 62fdf1f143b41e24485cea50d1cbac27 -> 
  custom:video-encoder-webm-vp8: eb34c28f22e8b96e1ab97ce403110664 -> 
  custom:video-decoder-webm-vp8: 9c59270c3fd7afecdb556c50c9e8de78 -> 
  custom:audio-decoder-ogg-vorbis: bf7c407c2cedff20999df2af8eb42d56 -> 
  custom:audio-encoder-webm-vorbis: bf7c407c2cedff20999df2af8eb42d56 -> 
AssetImportWorkerClient::OnTransportError - code=2 error=End of file
