Using pre-set license
Built from '2020.3/staging' branch; Version is '2020.3.33f1 (915a7af8b0d5) revision 9525882'; Using compiler version '192528614'; Build Type 'Release'
OS: 'Windows 11  (10.0.22000) 64bit Core' Language: 'it' Physical Memory: 16088 MB
BatchMode: 1, IsHumanControllingUs: 0, StartBugReporterOnCrash: 0, Is64bit: 1, IsPro: 0

COMMAND LINE ARGUMENTS:
C:\Program Files\Unity\Hub\Editor\2020.3.33f1\Editor\Unity.exe
-adb2
-batchMode
-noUpm
-name
AssetImportWorker0
-projectPath
C:/Users/pegor/Documents/GitHub/Sam-s-Adventure
-logFile
Logs/AssetImportWorker0.log
-srvPort
60703
Successfully changed project path to: C:/Users/pegor/Documents/GitHub/Sam-s-Adventure
C:/Users/pegor/Documents/GitHub/Sam-s-Adventure
Using Asset Import Pipeline V2.
Refreshing native plugins compatible for Editor in 44.72 ms, found 3 plugins.
Preloading 0 native plugins for Editor in 0.00 ms.
Initialize engine version: 2020.3.33f1 (915a7af8b0d5)
[Subsystems] Discovering subsystems at path C:/Program Files/Unity/Hub/Editor/2020.3.33f1/Editor/Data/Resources/UnitySubsystems
[Subsystems] Discovering subsystems at path C:/Users/pegor/Documents/GitHub/Sam-s-Adventure/Assets
GfxDevice: creating device client; threaded=0
Direct3D:
    Version:  Direct3D 11.0 [level 11.1]
    Renderer: NVIDIA GeForce RTX 3060 Laptop GPU (ID=0x2520)
    Vendor:   
    VRAM:     6023 MB
    Driver:   30.0.15.1165
Initialize mono
Mono path[0] = 'C:/Program Files/Unity/Hub/Editor/2020.3.33f1/Editor/Data/Managed'
Mono path[1] = 'C:/Program Files/Unity/Hub/Editor/2020.3.33f1/Editor/Data/MonoBleedingEdge/lib/mono/unityjit'
Mono config path = 'C:/Program Files/Unity/Hub/Editor/2020.3.33f1/Editor/Data/MonoBleedingEdge/etc'
Using monoOptions --debugger-agent=transport=dt_socket,embedding=1,server=y,suspend=n,address=127.0.0.1:56864
Begin MonoManager ReloadAssembly
Registering precompiled unity dll's ...
Register platform support module: C:/Program Files/Unity/Hub/Editor/2020.3.33f1/Editor/Data/PlaybackEngines/WebGLSupport/UnityEditor.WebGL.Extensions.dll
Register platform support module: C:/Program Files/Unity/Hub/Editor/2020.3.33f1/Editor/Data/PlaybackEngines/MacStandaloneSupport/UnityEditor.OSXStandalone.Extensions.dll
Register platform support module: C:/Program Files/Unity/Hub/Editor/2020.3.33f1/Editor/Data/PlaybackEngines/WindowsStandaloneSupport/UnityEditor.WindowsStandalone.Extensions.dll
Register platform support module: C:/Program Files/Unity/Hub/Editor/2020.3.33f1/Editor/Data/PlaybackEngines/LinuxStandaloneSupport/UnityEditor.LinuxStandalone.Extensions.dll
Register platform support module: C:/Program Files/Unity/Hub/Editor/2020.3.33f1/Editor/Data/PlaybackEngines/LuminSupport/UnityEditor.Lumin.Extensions.dll
Registered in 0.001954 seconds.
Native extension for Lumin target not found
Native extension for LinuxStandalone target not found
Native extension for WindowsStandalone target not found
Native extension for OSXStandalone target not found
Native extension for WebGL target not found
Refreshing native plugins compatible for Editor in 34.99 ms, found 3 plugins.
Preloading 0 native plugins for Editor in 0.00 ms.
Mono: successfully reloaded assembly
- Completed reload, in  0.369 seconds
Domain Reload Profiling:
	ReloadAssembly (369ms)
		BeginReloadAssembly (37ms)
			ExecutionOrderSort (0ms)
			DisableScriptedObjects (0ms)
			BackupInstance (0ms)
			ReleaseScriptingObjects (0ms)
			CreateAndSetChildDomain (1ms)
		EndReloadAssembly (290ms)
			LoadAssemblies (36ms)
			RebuildTransferFunctionScriptingTraits (0ms)
			SetupTypeCache (89ms)
			ReleaseScriptCaches (0ms)
			RebuildScriptCaches (19ms)
			SetupLoadedEditorAssemblies (118ms)
				LogAssemblyErrors (0ms)
				InitializePlatformSupportModulesInManaged (5ms)
				SetLoadedEditorAssemblies (0ms)
				RefreshPlugins (35ms)
				BeforeProcessingInitializeOnLoad (6ms)
				ProcessInitializeOnLoadAttributes (53ms)
				ProcessInitializeOnLoadMethodAttributes (18ms)
				AfterProcessingInitializeOnLoad (0ms)
				EditorAssembliesLoaded (0ms)
			ExecutionOrderSort2 (0ms)
			AwakeInstancesAfterBackupRestoration (0ms)
Platform modules already initialized, skipping
Registering precompiled user dll's ...
Registered in 0.001933 seconds.
Begin MonoManager ReloadAssembly
Symbol file LoadedFromMemory doesn't match image C:\Users\pegor\Documents\GitHub\Sam-s-Adventure\Library\PackageCache\com.unity.collab-proxy@1.15.15\Lib\Editor\PlasticSCM\unityplastic.dll
Native extension for Lumin target not found
Native extension for LinuxStandalone target not found
Native extension for WindowsStandalone target not found
Native extension for OSXStandalone target not found
Native extension for WebGL target not found
Refreshing native plugins compatible for Editor in 33.73 ms, found 3 plugins.
Preloading 0 native plugins for Editor in 0.00 ms.
Mono: successfully reloaded assembly
- Completed reload, in  0.671 seconds
Domain Reload Profiling:
	ReloadAssembly (672ms)
		BeginReloadAssembly (86ms)
			ExecutionOrderSort (0ms)
			DisableScriptedObjects (2ms)
			BackupInstance (0ms)
			ReleaseScriptingObjects (0ms)
			CreateAndSetChildDomain (13ms)
		EndReloadAssembly (549ms)
			LoadAssemblies (60ms)
			RebuildTransferFunctionScriptingTraits (0ms)
			SetupTypeCache (164ms)
			ReleaseScriptCaches (0ms)
			RebuildScriptCaches (29ms)
			SetupLoadedEditorAssemblies (224ms)
				LogAssemblyErrors (0ms)
				InitializePlatformSupportModulesInManaged (4ms)
				SetLoadedEditorAssemblies (0ms)
				RefreshPlugins (34ms)
				BeforeProcessingInitializeOnLoad (42ms)
				ProcessInitializeOnLoadAttributes (128ms)
				ProcessInitializeOnLoadMethodAttributes (12ms)
				AfterProcessingInitializeOnLoad (3ms)
				EditorAssembliesLoaded (0ms)
			ExecutionOrderSort2 (0ms)
			AwakeInstancesAfterBackupRestoration (4ms)
Platform modules already initialized, skipping
========================================================================
Worker process is ready to serve import requests
Launched and connected shader compiler UnityShaderCompiler.exe after 0.04 seconds
Refreshing native plugins compatible for Editor in 0.40 ms, found 3 plugins.
Preloading 0 native plugins for Editor in 0.00 ms.
Unloading 2218 Unused Serialized files (Serialized files now loaded: 0)
System memory in use before: 97.8 MB.
System memory in use after: 97.8 MB.

Unloading 31 unused Assets to reduce memory usage. Loaded Objects now: 2651.
Total: 2.250400 ms (FindLiveObjects: 0.154500 ms CreateObjectMapping: 0.038600 ms MarkObjects: 1.886900 ms  DeleteObjects: 0.169500 ms)

AssetImportParameters requested are different than current active one (requested -> active):
  custom:framework-win-MediaFoundation: 216162199b28c13a410421893ffa2e32 -> 
  custom:video-decoder-ogg-theora: a1e56fd34408186e4bbccfd4996cb3dc -> 
  custom:container-muxer-webm: aa71ff27fc2769a1b78a27578f13a17b -> 
  custom:container-demuxer-webm: 4f35f7cbe854078d1ac9338744f61a02 -> 
  custom:container-demuxer-ogg: 62fdf1f143b41e24485cea50d1cbac27 -> 
  custom:video-encoder-webm-vp8: eb34c28f22e8b96e1ab97ce403110664 -> 
  custom:video-decoder-webm-vp8: 9c59270c3fd7afecdb556c50c9e8de78 -> 
  custom:audio-decoder-ogg-vorbis: bf7c407c2cedff20999df2af8eb42d56 -> 
  custom:audio-encoder-webm-vorbis: bf7c407c2cedff20999df2af8eb42d56 -> 
========================================================================
Received Import Request.
  path: Assets/AssetsMaterial/2D Character Vector Flat Style/Body Parts
  artifactKey: Guid(9ef15474598788e48a32c759f21adffc) Importer(815301076,1909f56bfc062723c751e8b465ee728b)
Start importing Assets/AssetsMaterial/2D Character Vector Flat Style/Body Parts using Guid(9ef15474598788e48a32c759f21adffc) Importer(815301076,1909f56bfc062723c751e8b465ee728b)  -> (artifact id: '2a60d50606739902f54d5915639ff19d') in 0.007802 seconds 
========================================================================
Received Import Request.
  Time since last request: 5.820302 seconds.
  path: Assets/AssetsMaterial/2D Character Vector Flat Style/Animations/Idle/Armature_idle_00.png
  artifactKey: Guid(c5784ec8ac2ac92439386a2f00dab69a) Importer(815301076,1909f56bfc062723c751e8b465ee728b)
Start importing Assets/AssetsMaterial/2D Character Vector Flat Style/Animations/Idle/Armature_idle_00.png using Guid(c5784ec8ac2ac92439386a2f00dab69a) Importer(815301076,1909f56bfc062723c751e8b465ee728b)  -> (artifact id: 'c53df8fb04c4e63d4e112642cd9fe087') in 0.076035 seconds 
========================================================================
Received Import Request.
  Time since last request: 45.755719 seconds.
  path: Assets/AssetsMaterial/Cainos/Pixel Art Icon Pack - RPG
  artifactKey: Guid(156af2f354d93f441a2f6f24839c9394) Importer(815301076,1909f56bfc062723c751e8b465ee728b)
Start importing Assets/AssetsMaterial/Cainos/Pixel Art Icon Pack - RPG using Guid(156af2f354d93f441a2f6f24839c9394) Importer(815301076,1909f56bfc062723c751e8b465ee728b)  -> (artifact id: 'b705cdadea65de73d2cd3cc4af1803fa') in 0.007852 seconds 
========================================================================
Received Import Request.
  Time since last request: 94.008187 seconds.
  path: Assets/AssetsMaterial/2D Character Vector Flat Style/Animations/Running Shoot/Armature_running_shoot_7.png
  artifactKey: Guid(ee30b2fb3167e334dba4e59352643365) Importer(815301076,1909f56bfc062723c751e8b465ee728b)
Start importing Assets/AssetsMaterial/2D Character Vector Flat Style/Animations/Running Shoot/Armature_running_shoot_7.png using Guid(ee30b2fb3167e334dba4e59352643365) Importer(815301076,1909f56bfc062723c751e8b465ee728b)  -> (artifact id: '5bf7828b5d049ed314d596742fbe99e8') in 0.018308 seconds 
========================================================================
Received Import Request.
  Time since last request: 3.490284 seconds.
  path: Assets/AssetsMaterial/3 Hands/1 Biker/3.png
  artifactKey: Guid(917a4edcb5602654285192371f5341f3) Importer(815301076,1909f56bfc062723c751e8b465ee728b)
Start importing Assets/AssetsMaterial/3 Hands/1 Biker/3.png using Guid(917a4edcb5602654285192371f5341f3) Importer(815301076,1909f56bfc062723c751e8b465ee728b)  -> (artifact id: '30dad170ac6cb517f4ca6447d9137b68') in 0.017627 seconds 
========================================================================
Received Import Request.
  Time since last request: 0.000459 seconds.
  path: Assets/AssetsMaterial/3 Hands/1 Biker/4.png
  artifactKey: Guid(33ac3e70bb9bcab4daefe742c33d8f11) Importer(815301076,1909f56bfc062723c751e8b465ee728b)
Start importing Assets/AssetsMaterial/3 Hands/1 Biker/4.png using Guid(33ac3e70bb9bcab4daefe742c33d8f11) Importer(815301076,1909f56bfc062723c751e8b465ee728b)  -> (artifact id: 'f0e72ffd034af124e2d429c86dcaa973') in 0.014506 seconds 
========================================================================
Received Import Request.
  Time since last request: 5.289797 seconds.
  path: Assets/AssetsMaterial/3 Hands/3 Cyborg/3.png
  artifactKey: Guid(403aba51ac4f61240881a260a83851cb) Importer(815301076,1909f56bfc062723c751e8b465ee728b)
Start importing Assets/AssetsMaterial/3 Hands/3 Cyborg/3.png using Guid(403aba51ac4f61240881a260a83851cb) Importer(815301076,1909f56bfc062723c751e8b465ee728b)  -> (artifact id: '2ea94e17c86d8ccfa521b2e827fdf7b8') in 0.014131 seconds 
========================================================================
Received Import Request.
  Time since last request: 0.000433 seconds.
  path: Assets/AssetsMaterial/3 Hands/3 Cyborg/9.png
  artifactKey: Guid(83326251a54448e4cb1746f3d3c11241) Importer(815301076,1909f56bfc062723c751e8b465ee728b)
Start importing Assets/AssetsMaterial/3 Hands/3 Cyborg/9.png using Guid(83326251a54448e4cb1746f3d3c11241) Importer(815301076,1909f56bfc062723c751e8b465ee728b)  -> (artifact id: '165317e1b72c06d44477f5ed865f6f27') in 0.014632 seconds 
========================================================================
Received Import Request.
  Time since last request: 0.000324 seconds.
  path: Assets/AssetsMaterial/3 Hands/3 Cyborg/7.png
  artifactKey: Guid(5bcb9911745a51141b605d6b27a1b506) Importer(815301076,1909f56bfc062723c751e8b465ee728b)
Start importing Assets/AssetsMaterial/3 Hands/3 Cyborg/7.png using Guid(5bcb9911745a51141b605d6b27a1b506) Importer(815301076,1909f56bfc062723c751e8b465ee728b)  -> (artifact id: '7fd8ab7d85c30e14e44c706d41ea6f5f') in 0.015104 seconds 
AssetImportWorkerClient::OnTransportError - code=2 error=End of file
